Using pre-set license
Built from '2020.3/staging' branch; Version is '2020.3.20f1 (41c4e627c95f) revision 4310246'; Using compiler version '192528614'; Build Type 'Release'
OS: 'Windows 10 Pro; OS build 22000.348; Version 2009; 64bit' Language: 'pt' Physical Memory: 16264 MB
BatchMode: 1, IsHumanControllingUs: 0, StartBugReporterOnCrash: 0, Is64bit: 1, IsPro: 0

COMMAND LINE ARGUMENTS:
C:\Program Files\Unity\Hub\Editor\2020.3.20f1\Editor\Unity.exe
-adb2
-batchMode
-noUpm
-name
AssetImportWorker0
-projectPath
C:/Users/Bruno/Teste_T
-logFile
Logs/AssetImportWorker0.log
-srvPort
59048
Successfully changed project path to: C:/Users/Bruno/Teste_T
C:/Users/Bruno/Teste_T
Using Asset Import Pipeline V2.
Refreshing native plugins compatible for Editor in 57.48 ms, found 2 plugins.
Preloading 0 native plugins for Editor in 0.00 ms.
Initialize engine version: 2020.3.20f1 (41c4e627c95f)
[Subsystems] Discovering subsystems at path C:/Program Files/Unity/Hub/Editor/2020.3.20f1/Editor/Data/Resources/UnitySubsystems
[Subsystems] Discovering subsystems at path C:/Users/Bruno/Teste_T/Assets
GfxDevice: creating device client; threaded=0
Direct3D:
    Version:  Direct3D 11.0 [level 11.1]
    Renderer: NVIDIA GeForce GTX 1050 (ID=0x1c91)
    Vendor:   
    VRAM:     2996 MB
    Driver:   30.0.14.7212
Initialize mono
Mono path[0] = 'C:/Program Files/Unity/Hub/Editor/2020.3.20f1/Editor/Data/Managed'
Mono path[1] = 'C:/Program Files/Unity/Hub/Editor/2020.3.20f1/Editor/Data/MonoBleedingEdge/lib/mono/unityjit'
Mono config path = 'C:/Program Files/Unity/Hub/Editor/2020.3.20f1/Editor/Data/MonoBleedingEdge/etc'
Using monoOptions --debugger-agent=transport=dt_socket,embedding=1,server=y,suspend=n,address=127.0.0.1:56772
Begin MonoManager ReloadAssembly
Registering precompiled unity dll's ...
Register platform support module: C:/Program Files/Unity/Hub/Editor/2020.3.20f1/Editor/Data/PlaybackEngines/WindowsStandaloneSupport/UnityEditor.WindowsStandalone.Extensions.dll
Registered in 0.001329 seconds.
Native extension for WindowsStandalone target not found
Refreshing native plugins compatible for Editor in 38.45 ms, found 2 plugins.
Preloading 0 native plugins for Editor in 0.00 ms.
Mono: successfully reloaded assembly
- Completed reload, in  1.067 seconds
Domain Reload Profiling:
	ReloadAssembly (1067ms)
		BeginReloadAssembly (53ms)
			ExecutionOrderSort (0ms)
			DisableScriptedObjects (0ms)
			BackupInstance (0ms)
			ReleaseScriptingObjects (0ms)
			CreateAndSetChildDomain (1ms)
		EndReloadAssembly (401ms)
			LoadAssemblies (51ms)
			RebuildTransferFunctionScriptingTraits (0ms)
			SetupTypeCache (139ms)
			ReleaseScriptCaches (0ms)
			RebuildScriptCaches (29ms)
			SetupLoadedEditorAssemblies (166ms)
				LogAssemblyErrors (0ms)
				InitializePlatformSupportModulesInManaged (4ms)
				SetLoadedEditorAssemblies (0ms)
				RefreshPlugins (39ms)
				BeforeProcessingInitializeOnLoad (15ms)
				ProcessInitializeOnLoadAttributes (74ms)
				ProcessInitializeOnLoadMethodAttributes (34ms)
				AfterProcessingInitializeOnLoad (0ms)
				EditorAssembliesLoaded (0ms)
			ExecutionOrderSort2 (0ms)
			AwakeInstancesAfterBackupRestoration (0ms)
Platform modules already initialized, skipping
Registering precompiled user dll's ...
Registered in 0.002293 seconds.
Begin MonoManager ReloadAssembly
Native extension for WindowsStandalone target not found
Refreshing native plugins compatible for Editor in 0.32 ms, found 2 plugins.
Preloading 0 native plugins for Editor in 0.00 ms.
Mono: successfully reloaded assembly
- Completed reload, in  0.927 seconds
Domain Reload Profiling:
	ReloadAssembly (928ms)
		BeginReloadAssembly (134ms)
			ExecutionOrderSort (0ms)
			DisableScriptedObjects (4ms)
			BackupInstance (0ms)
			ReleaseScriptingObjects (0ms)
			CreateAndSetChildDomain (17ms)
		EndReloadAssembly (735ms)
			LoadAssemblies (85ms)
			RebuildTransferFunctionScriptingTraits (0ms)
			SetupTypeCache (246ms)
			ReleaseScriptCaches (0ms)
			RebuildScriptCaches (37ms)
			SetupLoadedEditorAssemblies (281ms)
				LogAssemblyErrors (0ms)
				InitializePlatformSupportModulesInManaged (4ms)
				SetLoadedEditorAssemblies (0ms)
				RefreshPlugins (0ms)
				BeforeProcessingInitializeOnLoad (72ms)
				ProcessInitializeOnLoadAttributes (195ms)
				ProcessInitializeOnLoadMethodAttributes (4ms)
				AfterProcessingInitializeOnLoad (4ms)
				EditorAssembliesLoaded (0ms)
			ExecutionOrderSort2 (0ms)
			AwakeInstancesAfterBackupRestoration (6ms)
Platform modules already initialized, skipping
========================================================================
Worker process is ready to serve import requests
Launched and connected shader compiler UnityShaderCompiler.exe after 0.04 seconds
Refreshing native plugins compatible for Editor in 0.33 ms, found 2 plugins.
Preloading 0 native plugins for Editor in 0.00 ms.
Unloading 1417 Unused Serialized files (Serialized files now loaded: 0)
System memory in use before: 80.8 MB.
System memory in use after: 80.8 MB.

Unloading 16 unused Assets to reduce memory usage. Loaded Objects now: 1867.
Total: 2.876100 ms (FindLiveObjects: 0.146800 ms CreateObjectMapping: 0.036000 ms MarkObjects: 2.613600 ms  DeleteObjects: 0.078900 ms)

AssetImportParameters requested are different than current active one (requested -> active):
  custom:framework-win-MediaFoundation: 216162199b28c13a410421893ffa2e32 -> 
  custom:video-decoder-ogg-theora: a1e56fd34408186e4bbccfd4996cb3dc -> 
  custom:container-muxer-webm: aa71ff27fc2769a1b78a27578f13a17b -> 
  custom:container-demuxer-webm: 4f35f7cbe854078d1ac9338744f61a02 -> 
  custom:container-demuxer-ogg: 62fdf1f143b41e24485cea50d1cbac27 -> 
  custom:video-encoder-webm-vp8: eb34c28f22e8b96e1ab97ce403110664 -> 
  custom:video-decoder-webm-vp8: 9c59270c3fd7afecdb556c50c9e8de78 -> 
  custom:audio-decoder-ogg-vorbis: bf7c407c2cedff20999df2af8eb42d56 -> 
  custom:audio-encoder-webm-vorbis: bf7c407c2cedff20999df2af8eb42d56 -> 
========================================================================
Received Import Request.
  path: Assets/LowpolyStreetPack/Prefabs
  artifactKey: Guid(63f6858c1bef85a4991401d87bf0849b) Importer(815301076,1909f56bfc062723c751e8b465ee728b)
Start importing Assets/LowpolyStreetPack/Prefabs using Guid(63f6858c1bef85a4991401d87bf0849b) Importer(815301076,1909f56bfc062723c751e8b465ee728b)  -> (artifact id: '7a9f3a1083c23acf386c67787ed51443') in 0.004067 seconds 
  Import took 0.006134 seconds .

========================================================================
Received Import Request.
  Time since last request: 0.000476 seconds.
  path: Assets/LowpolyStreetPack
  artifactKey: Guid(44a17ebc4222b754a9dba201f93106ce) Importer(815301076,1909f56bfc062723c751e8b465ee728b)
Start importing Assets/LowpolyStreetPack using Guid(44a17ebc4222b754a9dba201f93106ce) Importer(815301076,1909f56bfc062723c751e8b465ee728b)  -> (artifact id: '74813e986adab41ae1f6b885965b7dc0') in 0.001230 seconds 
  Import took 0.003739 seconds .

========================================================================
Received Import Request.
  Time since last request: 1.462055 seconds.
  path: Assets/LowpolyStreetPack/Prefabs/StreetProps
  artifactKey: Guid(9e3ae0c32e6586d43b2b865857ee6dab) Importer(815301076,1909f56bfc062723c751e8b465ee728b)
Start importing Assets/LowpolyStreetPack/Prefabs/StreetProps using Guid(9e3ae0c32e6586d43b2b865857ee6dab) Importer(815301076,1909f56bfc062723c751e8b465ee728b)  -> (artifact id: '5b6dda5660cd1e76ab2f7e56a72d0507') in 0.001390 seconds 
  Import took 0.003710 seconds .

========================================================================
Received Import Request.
  Time since last request: 2.916181 seconds.
  path: Assets/LowpolyStreetPack/Prefabs/Roads
  artifactKey: Guid(b5060f5c25baf354ab980d960257e445) Importer(815301076,1909f56bfc062723c751e8b465ee728b)
Start importing Assets/LowpolyStreetPack/Prefabs/Roads using Guid(b5060f5c25baf354ab980d960257e445) Importer(815301076,1909f56bfc062723c751e8b465ee728b)  -> (artifact id: '6bfa35a8256fec30ab2d847002656f60') in 0.001410 seconds 
  Import took 0.003689 seconds .

========================================================================
Received Import Request.
  Time since last request: 5.070360 seconds.
  path: Assets/LowpolyStreetPack/Prefabs/Roads/Streets
  artifactKey: Guid(633d669a25dd655459ef81251c04244e) Importer(815301076,1909f56bfc062723c751e8b465ee728b)
Start importing Assets/LowpolyStreetPack/Prefabs/Roads/Streets using Guid(633d669a25dd655459ef81251c04244e) Importer(815301076,1909f56bfc062723c751e8b465ee728b)  -> (artifact id: '24f48a2b8ae71ee1de53e18cccec8a4c') in 0.001492 seconds 
  Import took 0.004015 seconds .

========================================================================
Received Import Request.
  Time since last request: 0.163876 seconds.
  path: Assets/LowpolyStreetPack/Prefabs/Roads/Streets/Road_BusStop.prefab
  artifactKey: Guid(83ed90dae17b7494b8dc65ff572d8897) Importer(815301076,1909f56bfc062723c751e8b465ee728b)
Start importing Assets/LowpolyStreetPack/Prefabs/Roads/Streets/Road_BusStop.prefab using Guid(83ed90dae17b7494b8dc65ff572d8897) Importer(815301076,1909f56bfc062723c751e8b465ee728b)  -> (artifact id: '1fc0ca93c07a76582bd658224fbbc863') in 0.311333 seconds 
  Import took 0.315274 seconds .

========================================================================
Received Import Request.
  Time since last request: 0.000295 seconds.
  path: Assets/LowpolyStreetPack/Prefabs/Roads/Streets/Road_Cross_A_A.prefab
  artifactKey: Guid(d68dda66c3bb1bf4aadddbdb7f9d723f) Importer(815301076,1909f56bfc062723c751e8b465ee728b)
Start importing Assets/LowpolyStreetPack/Prefabs/Roads/Streets/Road_Cross_A_A.prefab using Guid(d68dda66c3bb1bf4aadddbdb7f9d723f) Importer(815301076,1909f56bfc062723c751e8b465ee728b)  -> (artifact id: '1c491fb7f5462ee20798e21e82f897fd') in 0.047480 seconds 
  Import took 0.050766 seconds .

========================================================================
Received Import Request.
  Time since last request: 0.000302 seconds.
  path: Assets/LowpolyStreetPack/Prefabs/Roads/Streets/Road_Intersection_A.prefab
  artifactKey: Guid(ea055b41d57bcfa4f933e17644a305ba) Importer(815301076,1909f56bfc062723c751e8b465ee728b)
Start importing Assets/LowpolyStreetPack/Prefabs/Roads/Streets/Road_Intersection_A.prefab using Guid(ea055b41d57bcfa4f933e17644a305ba) Importer(815301076,1909f56bfc062723c751e8b465ee728b)  -> (artifact id: '817fab4467aeeb2a6c756ca1f973a100') in 0.026169 seconds 
  Import took 0.029484 seconds .

========================================================================
Received Import Request.
  Time since last request: 0.000295 seconds.
  path: Assets/LowpolyStreetPack/Prefabs/Roads/Streets/Road_Streight_C.prefab
  artifactKey: Guid(c8fd2f6b2033af643b3fbe62dba8316f) Importer(815301076,1909f56bfc062723c751e8b465ee728b)
Start importing Assets/LowpolyStreetPack/Prefabs/Roads/Streets/Road_Streight_C.prefab using Guid(c8fd2f6b2033af643b3fbe62dba8316f) Importer(815301076,1909f56bfc062723c751e8b465ee728b)  -> (artifact id: '8a4d7b2c525820679119698b8b41c98a') in 0.026990 seconds 
  Import took 0.030446 seconds .

========================================================================
Received Import Request.
  Time since last request: 0.000348 seconds.
  path: Assets/LowpolyStreetPack/Prefabs/Roads/Streets/Road_Intersection_C.prefab
  artifactKey: Guid(4abef24fee8553640be8f27a9782adde) Importer(815301076,1909f56bfc062723c751e8b465ee728b)
Start importing Assets/LowpolyStreetPack/Prefabs/Roads/Streets/Road_Intersection_C.prefab using Guid(4abef24fee8553640be8f27a9782adde) Importer(815301076,1909f56bfc062723c751e8b465ee728b)  -> (artifact id: 'c3eadb779109c9617c4c8fddadbe667d') in 0.037978 seconds 
  Import took 0.041679 seconds .

========================================================================
Received Import Request.
  Time since last request: 0.000368 seconds.
  path: Assets/LowpolyStreetPack/Prefabs/Roads/Streets/Road_BusStop_Double.prefab
  artifactKey: Guid(322024f0dcbad3543a02ed05c4e57894) Importer(815301076,1909f56bfc062723c751e8b465ee728b)
Start importing Assets/LowpolyStreetPack/Prefabs/Roads/Streets/Road_BusStop_Double.prefab using Guid(322024f0dcbad3543a02ed05c4e57894) Importer(815301076,1909f56bfc062723c751e8b465ee728b)  -> (artifact id: '70fba4fd16e9372dc1d066916cdf1b61') in 0.028352 seconds 
  Import took 0.031795 seconds .

========================================================================
Received Import Request.
  Time since last request: 0.000278 seconds.
  path: Assets/LowpolyStreetPack/Prefabs/Roads/Streets/Road_Cross_C_A.prefab
  artifactKey: Guid(349b813d00b77df41b5431df22c4012c) Importer(815301076,1909f56bfc062723c751e8b465ee728b)
Start importing Assets/LowpolyStreetPack/Prefabs/Roads/Streets/Road_Cross_C_A.prefab using Guid(349b813d00b77df41b5431df22c4012c) Importer(815301076,1909f56bfc062723c751e8b465ee728b)  -> (artifact id: '794bb6361b4e47a97c0ebbf873991e0f') in 0.024565 seconds 
  Import took 0.028418 seconds .

========================================================================
Received Import Request.
  Time since last request: 0.000306 seconds.
  path: Assets/LowpolyStreetPack/Prefabs/Roads/Streets/Road_Widening.prefab
  artifactKey: Guid(6afa5a77086624546baa3e2ce7e68547) Importer(815301076,1909f56bfc062723c751e8b465ee728b)
Start importing Assets/LowpolyStreetPack/Prefabs/Roads/Streets/Road_Widening.prefab using Guid(6afa5a77086624546baa3e2ce7e68547) Importer(815301076,1909f56bfc062723c751e8b465ee728b)  -> (artifact id: 'a9f1d7834e817c88becf533f9fbcc13e') in 0.030690 seconds 
  Import took 0.034911 seconds .

========================================================================
Received Import Request.
  Time since last request: 0.000305 seconds.
  path: Assets/LowpolyStreetPack/Prefabs/Roads/Streets/Road_End_A.prefab
  artifactKey: Guid(46aceb8c4fbd8a3478e3bb41629a9afd) Importer(815301076,1909f56bfc062723c751e8b465ee728b)
Start importing Assets/LowpolyStreetPack/Prefabs/Roads/Streets/Road_End_A.prefab using Guid(46aceb8c4fbd8a3478e3bb41629a9afd) Importer(815301076,1909f56bfc062723c751e8b465ee728b)  -> (artifact id: 'ac8022d0fd7f324c38ae167940df4729') in 0.028927 seconds 
  Import took 0.032228 seconds .

========================================================================
Received Import Request.
  Time since last request: 0.000305 seconds.
  path: Assets/LowpolyStreetPack/Prefabs/Roads/Streets/Road_Crosswalk_Double.prefab
  artifactKey: Guid(86b090b788ee3da4bb8f8d7df751821e) Importer(815301076,1909f56bfc062723c751e8b465ee728b)
Start importing Assets/LowpolyStreetPack/Prefabs/Roads/Streets/Road_Crosswalk_Double.prefab using Guid(86b090b788ee3da4bb8f8d7df751821e) Importer(815301076,1909f56bfc062723c751e8b465ee728b)  -> (artifact id: '1522b47de9e4fbf98ed7ecd3ce496c03') in 0.028464 seconds 
  Import took 0.034652 seconds .

========================================================================
Received Import Request.
  Time since last request: 0.000312 seconds.
  path: Assets/LowpolyStreetPack/Prefabs/Roads/Streets/Road_Cross_Double_B_B.prefab
  artifactKey: Guid(e544891603a68eb41a8c40ea47764ab5) Importer(815301076,1909f56bfc062723c751e8b465ee728b)
Start importing Assets/LowpolyStreetPack/Prefabs/Roads/Streets/Road_Cross_Double_B_B.prefab using Guid(e544891603a68eb41a8c40ea47764ab5) Importer(815301076,1909f56bfc062723c751e8b465ee728b)  -> (artifact id: '426f606051b367ffc73884a1c4859c28') in 0.025119 seconds 
  Import took 0.028528 seconds .

========================================================================
Received Import Request.
  Time since last request: 0.000343 seconds.
  path: Assets/LowpolyStreetPack/Prefabs/Roads/Streets/Road_Duble_Cross_B_C.prefab
  artifactKey: Guid(2fab976e80c97ff488f92721af8f5dab) Importer(815301076,1909f56bfc062723c751e8b465ee728b)
Start importing Assets/LowpolyStreetPack/Prefabs/Roads/Streets/Road_Duble_Cross_B_C.prefab using Guid(2fab976e80c97ff488f92721af8f5dab) Importer(815301076,1909f56bfc062723c751e8b465ee728b)  -> (artifact id: '44486870c1d7a3ccd18843c5170e1b02') in 0.026453 seconds 
  Import took 0.029569 seconds .

========================================================================
Received Import Request.
  Time since last request: 0.000359 seconds.
  path: Assets/LowpolyStreetPack/Prefabs/Roads/Streets/Road_Intersection_B.prefab
  artifactKey: Guid(36d6331372523c942ae5c5978bcd7cbf) Importer(815301076,1909f56bfc062723c751e8b465ee728b)
Start importing Assets/LowpolyStreetPack/Prefabs/Roads/Streets/Road_Intersection_B.prefab using Guid(36d6331372523c942ae5c5978bcd7cbf) Importer(815301076,1909f56bfc062723c751e8b465ee728b)  -> (artifact id: '9869f89e2c6c68bfd51e148092ff691c') in 0.031063 seconds 
  Import took 0.034267 seconds .

========================================================================
Received Import Request.
  Time since last request: 0.000311 seconds.
  path: Assets/LowpolyStreetPack/Prefabs/Roads/Streets/Road_Cross_A_B.prefab
  artifactKey: Guid(6abaadc8b9590114b85efdcd4aceae2a) Importer(815301076,1909f56bfc062723c751e8b465ee728b)
Start importing Assets/LowpolyStreetPack/Prefabs/Roads/Streets/Road_Cross_A_B.prefab using Guid(6abaadc8b9590114b85efdcd4aceae2a) Importer(815301076,1909f56bfc062723c751e8b465ee728b)  -> (artifact id: '202e78c6970f433dc514e8e3d2e98742') in 0.023215 seconds 
  Import took 0.026331 seconds .

========================================================================
Received Import Request.
  Time since last request: 0.000447 seconds.
  path: Assets/LowpolyStreetPack/Prefabs/Roads/Streets/Road_Cross_B_A.prefab
  artifactKey: Guid(d5fa7c28cb386fd4a9966aebe07b45f4) Importer(815301076,1909f56bfc062723c751e8b465ee728b)
Start importing Assets/LowpolyStreetPack/Prefabs/Roads/Streets/Road_Cross_B_A.prefab using Guid(d5fa7c28cb386fd4a9966aebe07b45f4) Importer(815301076,1909f56bfc062723c751e8b465ee728b)  -> (artifact id: '2cb348d544e5a9f4b775d4de28e82dad') in 0.030184 seconds 
  Import took 0.033053 seconds .

========================================================================
Received Import Request.
  Time since last request: 0.000523 seconds.
  path: Assets/LowpolyStreetPack/Prefabs/Roads/Streets/Road_Crosswalk.prefab
  artifactKey: Guid(38879fb80d2211342b5c6e8ca726f2f5) Importer(815301076,1909f56bfc062723c751e8b465ee728b)
Start importing Assets/LowpolyStreetPack/Prefabs/Roads/Streets/Road_Crosswalk.prefab using Guid(38879fb80d2211342b5c6e8ca726f2f5) Importer(815301076,1909f56bfc062723c751e8b465ee728b)  -> (artifact id: '3cdcb75b10c5e876afe77c3eada7413f') in 0.027352 seconds 
  Import took 0.030261 seconds .

========================================================================
Received Import Request.
  Time since last request: 0.000351 seconds.
  path: Assets/LowpolyStreetPack/Prefabs/Roads/Streets/Road_Intersection_D.prefab
  artifactKey: Guid(b296d935b89065c40908341d9004426e) Importer(815301076,1909f56bfc062723c751e8b465ee728b)
Start importing Assets/LowpolyStreetPack/Prefabs/Roads/Streets/Road_Intersection_D.prefab using Guid(b296d935b89065c40908341d9004426e) Importer(815301076,1909f56bfc062723c751e8b465ee728b)  -> (artifact id: '68b1dbcea5a2480ac7d950ad3b920f0e') in 0.027508 seconds 
  Import took 0.030827 seconds .

========================================================================
Received Import Request.
  Time since last request: 0.000282 seconds.
  path: Assets/LowpolyStreetPack/Prefabs/Roads/Streets/Road_Streight_A.prefab
  artifactKey: Guid(f3f099a1e77db0f43b8f3e7fe072979b) Importer(815301076,1909f56bfc062723c751e8b465ee728b)
Start importing Assets/LowpolyStreetPack/Prefabs/Roads/Streets/Road_Streight_A.prefab using Guid(f3f099a1e77db0f43b8f3e7fe072979b) Importer(815301076,1909f56bfc062723c751e8b465ee728b)  -> (artifact id: 'b894023fc659a69eaf182b1cb19dedb0') in 0.023137 seconds 
  Import took 0.026336 seconds .

========================================================================
Received Import Request.
  Time since last request: 0.000351 seconds.
  path: Assets/LowpolyStreetPack/Prefabs/Roads/Streets/Road_Streight_Double_A.prefab
  artifactKey: Guid(d7d436d613cf3c04391992a34ceb777e) Importer(815301076,1909f56bfc062723c751e8b465ee728b)
Start importing Assets/LowpolyStreetPack/Prefabs/Roads/Streets/Road_Streight_Double_A.prefab using Guid(d7d436d613cf3c04391992a34ceb777e) Importer(815301076,1909f56bfc062723c751e8b465ee728b)  -> (artifact id: 'afaa353c13517ee9f5f59cbaefb70930') in 0.023895 seconds 
  Import took 0.027201 seconds .

========================================================================
Received Import Request.
  Time since last request: 0.000388 seconds.
  path: Assets/LowpolyStreetPack/Prefabs/Roads/Streets/Road_Streight_Double.prefab
  artifactKey: Guid(e21456eb7a6b18e4480b596463b9692a) Importer(815301076,1909f56bfc062723c751e8b465ee728b)
Start importing Assets/LowpolyStreetPack/Prefabs/Roads/Streets/Road_Streight_Double.prefab using Guid(e21456eb7a6b18e4480b596463b9692a) Importer(815301076,1909f56bfc062723c751e8b465ee728b)  -> (artifact id: '37721c5c2679d88039af49d467b5b356') in 0.028202 seconds 
  Import took 0.031283 seconds .

========================================================================
Received Import Request.
  Time since last request: 0.000506 seconds.
  path: Assets/LowpolyStreetPack/Prefabs/Roads/Streets/Road_End_B.prefab
  artifactKey: Guid(de05db20770e11c4cb0ed895f43a95c7) Importer(815301076,1909f56bfc062723c751e8b465ee728b)
Start importing Assets/LowpolyStreetPack/Prefabs/Roads/Streets/Road_End_B.prefab using Guid(de05db20770e11c4cb0ed895f43a95c7) Importer(815301076,1909f56bfc062723c751e8b465ee728b)  -> (artifact id: '9d934d4f14c965f691060787476a7d82') in 0.024145 seconds 
  Import took 0.027662 seconds .

========================================================================
Received Import Request.
  Time since last request: 0.000473 seconds.
  path: Assets/LowpolyStreetPack/Prefabs/Roads/Streets/Road_Turn.prefab
  artifactKey: Guid(9a9cb3d950c7e064694a5d362afcc5f7) Importer(815301076,1909f56bfc062723c751e8b465ee728b)
Start importing Assets/LowpolyStreetPack/Prefabs/Roads/Streets/Road_Turn.prefab using Guid(9a9cb3d950c7e064694a5d362afcc5f7) Importer(815301076,1909f56bfc062723c751e8b465ee728b)  -> (artifact id: 'edbc579d65d6a2ea547c40793c72fc48') in 0.022652 seconds 
  Import took 0.025920 seconds .

========================================================================
Received Import Request.
  Time since last request: 0.005355 seconds.
  path: Assets/LowpolyStreetPack/Prefabs/Roads/Streets/Road_Turn_Double.prefab
  artifactKey: Guid(0bed13eadab93f14aaf58d070ad123d6) Importer(815301076,1909f56bfc062723c751e8b465ee728b)
Start importing Assets/LowpolyStreetPack/Prefabs/Roads/Streets/Road_Turn_Double.prefab using Guid(0bed13eadab93f14aaf58d070ad123d6) Importer(815301076,1909f56bfc062723c751e8b465ee728b)  -> (artifact id: '7ac1291619f2bd93310025451639b21c') in 0.031484 seconds 
  Import took 0.035279 seconds .

========================================================================
Received Import Request.
  Time since last request: 0.000364 seconds.
  path: Assets/LowpolyStreetPack/Prefabs/Roads/Streets/Road_Streight.prefab
  artifactKey: Guid(0880d9ac631f24f409114af2781b3480) Importer(815301076,1909f56bfc062723c751e8b465ee728b)
Start importing Assets/LowpolyStreetPack/Prefabs/Roads/Streets/Road_Streight.prefab using Guid(0880d9ac631f24f409114af2781b3480) Importer(815301076,1909f56bfc062723c751e8b465ee728b)  -> (artifact id: '03201039f3593c1f40921e161760f3c7') in 0.025719 seconds 
  Import took 0.029038 seconds .

========================================================================
Received Import Request.
  Time since last request: 2.185268 seconds.
  path: Assets/LowpolyStreetPack/Prefabs/Roads/Bridges
  artifactKey: Guid(405a5a272250427419a4be87c60926ed) Importer(815301076,1909f56bfc062723c751e8b465ee728b)
Start importing Assets/LowpolyStreetPack/Prefabs/Roads/Bridges using Guid(405a5a272250427419a4be87c60926ed) Importer(815301076,1909f56bfc062723c751e8b465ee728b)  -> (artifact id: '762002a0dec3834036cc5e9603eb0f74') in 0.001574 seconds 
  Import took 0.004027 seconds .

========================================================================
Received Import Request.
  Time since last request: 1.819625 seconds.
  path: Assets/LowpolyStreetPack/Prefabs/Roads/Bridges/Elements
  artifactKey: Guid(fa734cfd7ce244645950a740879f6b4f) Importer(815301076,1909f56bfc062723c751e8b465ee728b)
Start importing Assets/LowpolyStreetPack/Prefabs/Roads/Bridges/Elements using Guid(fa734cfd7ce244645950a740879f6b4f) Importer(815301076,1909f56bfc062723c751e8b465ee728b)  -> (artifact id: '1e0f2ab5a9e3f1027541d83cda6695fe') in 0.001460 seconds 
  Import took 0.003832 seconds .

========================================================================
Received Import Request.
  Time since last request: 0.924581 seconds.
  path: Assets/LowpolyStreetPack/Prefabs/Roads/Bridges/QuickBuilds
  artifactKey: Guid(6478af2937fcc444396b71e5316dc189) Importer(815301076,1909f56bfc062723c751e8b465ee728b)
Start importing Assets/LowpolyStreetPack/Prefabs/Roads/Bridges/QuickBuilds using Guid(6478af2937fcc444396b71e5316dc189) Importer(815301076,1909f56bfc062723c751e8b465ee728b)  -> (artifact id: '7633799fbabba95b5d2aa926c4e09fba') in 0.007034 seconds 
  Import took 0.009394 seconds .

========================================================================
Received Import Request.
  Time since last request: 0.162888 seconds.
  path: Assets/LowpolyStreetPack/Prefabs/Roads/Bridges/QuickBuilds/Bridge_Damage.prefab
  artifactKey: Guid(618fb2c9500dc8246ad3b5a0cf5e070b) Importer(815301076,1909f56bfc062723c751e8b465ee728b)
Start importing Assets/LowpolyStreetPack/Prefabs/Roads/Bridges/QuickBuilds/Bridge_Damage.prefab using Guid(618fb2c9500dc8246ad3b5a0cf5e070b) Importer(815301076,1909f56bfc062723c751e8b465ee728b)  -> (artifact id: '85fcab47759541c71a2b997789fcfcee') in 0.092193 seconds 
  Import took 0.096046 seconds .

========================================================================
Received Import Request.
  Time since last request: 0.000506 seconds.
  path: Assets/LowpolyStreetPack/Prefabs/Roads/Bridges/QuickBuilds/Bridge_Simple_Curved.prefab
  artifactKey: Guid(7d6b9877311d9b54d9b2807970618528) Importer(815301076,1909f56bfc062723c751e8b465ee728b)
Start importing Assets/LowpolyStreetPack/Prefabs/Roads/Bridges/QuickBuilds/Bridge_Simple_Curved.prefab using Guid(7d6b9877311d9b54d9b2807970618528) Importer(815301076,1909f56bfc062723c751e8b465ee728b)  -> (artifact id: 'a8e9651f74536c1d26d4205ba1e20e84') in 0.041695 seconds 
  Import took 0.045671 seconds .

========================================================================
Received Import Request.
  Time since last request: 0.000474 seconds.
  path: Assets/LowpolyStreetPack/Prefabs/Roads/Bridges/QuickBuilds/BridgeSlope_Simple.prefab
  artifactKey: Guid(39799cf03cd78bd4b96ed2f556aa8af9) Importer(815301076,1909f56bfc062723c751e8b465ee728b)
Start importing Assets/LowpolyStreetPack/Prefabs/Roads/Bridges/QuickBuilds/BridgeSlope_Simple.prefab using Guid(39799cf03cd78bd4b96ed2f556aa8af9) Importer(815301076,1909f56bfc062723c751e8b465ee728b)  -> (artifact id: '7497ea0889405b917e2f5e81b3ed443d') in 0.028763 seconds 
  Import took 0.032198 seconds .

========================================================================
Received Import Request.
  Time since last request: 0.000452 seconds.
  path: Assets/LowpolyStreetPack/Prefabs/Roads/Bridges/QuickBuilds/Bridge_ToStreet_Simple_Exit.prefab
  artifactKey: Guid(cdf53a606bb6b9e41ae628dccce7632f) Importer(815301076,1909f56bfc062723c751e8b465ee728b)
Start importing Assets/LowpolyStreetPack/Prefabs/Roads/Bridges/QuickBuilds/Bridge_ToStreet_Simple_Exit.prefab using Guid(cdf53a606bb6b9e41ae628dccce7632f) Importer(815301076,1909f56bfc062723c751e8b465ee728b)  -> (artifact id: 'cdb08cdfa6bf0b71bf8eac7f66621a67') in 0.107838 seconds 
  Import took 0.111821 seconds .

========================================================================
Received Import Request.
  Time since last request: 0.000404 seconds.
  path: Assets/LowpolyStreetPack/Prefabs/Roads/Bridges/QuickBuilds/Bridge_Double_Curved.prefab
  artifactKey: Guid(e4e0ccdaa6bcbba4a8e2fbc40b09154b) Importer(815301076,1909f56bfc062723c751e8b465ee728b)
Start importing Assets/LowpolyStreetPack/Prefabs/Roads/Bridges/QuickBuilds/Bridge_Double_Curved.prefab using Guid(e4e0ccdaa6bcbba4a8e2fbc40b09154b) Importer(815301076,1909f56bfc062723c751e8b465ee728b)  -> (artifact id: '19af2ed13f89e22d037a86acd12825d6') in 0.032198 seconds 
  Import took 0.038630 seconds .

========================================================================
Received Import Request.
  Time since last request: 0.000436 seconds.
  path: Assets/LowpolyStreetPack/Prefabs/Roads/Bridges/QuickBuilds/Bridge_ToStreet_Double_Enter.prefab
  artifactKey: Guid(99960c948166672438060e183037bf25) Importer(815301076,1909f56bfc062723c751e8b465ee728b)
Start importing Assets/LowpolyStreetPack/Prefabs/Roads/Bridges/QuickBuilds/Bridge_ToStreet_Double_Enter.prefab using Guid(99960c948166672438060e183037bf25) Importer(815301076,1909f56bfc062723c751e8b465ee728b)  -> (artifact id: 'd0e362303a94a587e1e37772ed03e37e') in 0.036609 seconds 
  Import took 0.040415 seconds .

========================================================================
Received Import Request.
  Time since last request: 0.000345 seconds.
  path: Assets/LowpolyStreetPack/Prefabs/Roads/Bridges/QuickBuilds/Bridge_Simple_Straight.prefab
  artifactKey: Guid(b8d1a7213141ecc41a4daaa178fea399) Importer(815301076,1909f56bfc062723c751e8b465ee728b)
Start importing Assets/LowpolyStreetPack/Prefabs/Roads/Bridges/QuickBuilds/Bridge_Simple_Straight.prefab using Guid(b8d1a7213141ecc41a4daaa178fea399) Importer(815301076,1909f56bfc062723c751e8b465ee728b)  -> (artifact id: '4858df05af08ec1059811e767b1a2c92') in 0.026091 seconds 
  Import took 0.029269 seconds .

========================================================================
Received Import Request.
  Time since last request: 0.000435 seconds.
  path: Assets/LowpolyStreetPack/Prefabs/Roads/Bridges/QuickBuilds/Bridge_ToStreet_Simple_Enter.prefab
  artifactKey: Guid(29c6dab80d3a13740982df4331a1c870) Importer(815301076,1909f56bfc062723c751e8b465ee728b)
Start importing Assets/LowpolyStreetPack/Prefabs/Roads/Bridges/QuickBuilds/Bridge_ToStreet_Simple_Enter.prefab using Guid(29c6dab80d3a13740982df4331a1c870) Importer(815301076,1909f56bfc062723c751e8b465ee728b)  -> (artifact id: '5c199b9b57f5f5612015fed6a826551d') in 0.028924 seconds 
  Import took 0.032404 seconds .

========================================================================
Received Import Request.
  Time since last request: 0.000500 seconds.
  path: Assets/LowpolyStreetPack/Prefabs/Roads/Bridges/QuickBuilds/BridgeSlope_Double.prefab
  artifactKey: Guid(3bae5663dad8ffb4892ddb61b5de9e65) Importer(815301076,1909f56bfc062723c751e8b465ee728b)
Start importing Assets/LowpolyStreetPack/Prefabs/Roads/Bridges/QuickBuilds/BridgeSlope_Double.prefab using Guid(3bae5663dad8ffb4892ddb61b5de9e65) Importer(815301076,1909f56bfc062723c751e8b465ee728b)  -> (artifact id: '0d3e2314669547bae1c5131d9cc0a12e') in 0.027926 seconds 
  Import took 0.032063 seconds .

========================================================================
Received Import Request.
  Time since last request: 0.000394 seconds.
  path: Assets/LowpolyStreetPack/Prefabs/Roads/Bridges/QuickBuilds/Bridge_Double_Straight_A 1.prefab
  artifactKey: Guid(c3e6e2141e17943449bba030041df68b) Importer(815301076,1909f56bfc062723c751e8b465ee728b)
Start importing Assets/LowpolyStreetPack/Prefabs/Roads/Bridges/QuickBuilds/Bridge_Double_Straight_A 1.prefab using Guid(c3e6e2141e17943449bba030041df68b) Importer(815301076,1909f56bfc062723c751e8b465ee728b)  -> (artifact id: '2661059d7b6f98ef79ae203297062359') in 0.028899 seconds 
  Import took 0.032249 seconds .

========================================================================
Received Import Request.
  Time since last request: 0.000387 seconds.
  path: Assets/LowpolyStreetPack/Prefabs/Roads/Bridges/QuickBuilds/Bridge_ToStreet_Double_Exit.prefab
  artifactKey: Guid(feb55cec332444b4bbab883f0595746b) Importer(815301076,1909f56bfc062723c751e8b465ee728b)
Start importing Assets/LowpolyStreetPack/Prefabs/Roads/Bridges/QuickBuilds/Bridge_ToStreet_Double_Exit.prefab using Guid(feb55cec332444b4bbab883f0595746b) Importer(815301076,1909f56bfc062723c751e8b465ee728b)  -> (artifact id: '81857b7228f613f3741a4c77eb169576') in 0.031399 seconds 
  Import took 0.035018 seconds .

========================================================================
Received Import Request.
  Time since last request: 0.000435 seconds.
  path: Assets/LowpolyStreetPack/Prefabs/Roads/Bridges/QuickBuilds/Bridge_Simple_Straight_A.prefab
  artifactKey: Guid(0ee78a4d576343145b941b9999014e56) Importer(815301076,1909f56bfc062723c751e8b465ee728b)
Start importing Assets/LowpolyStreetPack/Prefabs/Roads/Bridges/QuickBuilds/Bridge_Simple_Straight_A.prefab using Guid(0ee78a4d576343145b941b9999014e56) Importer(815301076,1909f56bfc062723c751e8b465ee728b)  -> (artifact id: 'bc8121ca36ac8195d34d0b8061a312bf') in 0.031244 seconds 
  Import took 0.034498 seconds .

========================================================================
Received Import Request.
  Time since last request: 0.000418 seconds.
  path: Assets/LowpolyStreetPack/Prefabs/Roads/Bridges/QuickBuilds/Bridge_Double_Straight.prefab
  artifactKey: Guid(feaf04557fefb494eaee6b6f80ef3f6d) Importer(815301076,1909f56bfc062723c751e8b465ee728b)
Start importing Assets/LowpolyStreetPack/Prefabs/Roads/Bridges/QuickBuilds/Bridge_Double_Straight.prefab using Guid(feaf04557fefb494eaee6b6f80ef3f6d) Importer(815301076,1909f56bfc062723c751e8b465ee728b)  -> (artifact id: '8f97cacd6d5f429f65b22f1bce3119a1') in 0.030972 seconds 
  Import took 0.034369 seconds .

========================================================================
Received Import Request.
  Time since last request: 96.474837 seconds.
  path: Assets/JR-1
  artifactKey: Guid(bcdc2e295257bf64bac6b411627af6a2) Importer(815301076,1909f56bfc062723c751e8b465ee728b)
Start importing Assets/JR-1 using Guid(bcdc2e295257bf64bac6b411627af6a2) Importer(815301076,1909f56bfc062723c751e8b465ee728b)  -> (artifact id: 'f6d62326d2bb41f422e38aa057152474') in 0.001994 seconds 
  Import took 0.005134 seconds .

========================================================================
Received Import Request.
  Time since last request: 1.634323 seconds.
  path: Assets/JR-1/JR-1 Prefabs
  artifactKey: Guid(e5d87c1e2b499b248802f8489ba6706a) Importer(815301076,1909f56bfc062723c751e8b465ee728b)
Start importing Assets/JR-1/JR-1 Prefabs using Guid(e5d87c1e2b499b248802f8489ba6706a) Importer(815301076,1909f56bfc062723c751e8b465ee728b)  -> (artifact id: 'f4887e725810e824fdfbd064a00a1921') in 0.001561 seconds 
  Import took 0.004018 seconds .

========================================================================
Received Import Request.
  Time since last request: 0.097473 seconds.
  path: Assets/JR-1/JR-1 Prefabs/JR-1 attack1.prefab
  artifactKey: Guid(5d13ae691fe1f2a4aa0a231b51be969c) Importer(815301076,1909f56bfc062723c751e8b465ee728b)
Start importing Assets/JR-1/JR-1 Prefabs/JR-1 attack1.prefab using Guid(5d13ae691fe1f2a4aa0a231b51be969c) Importer(815301076,1909f56bfc062723c751e8b465ee728b)  -> (artifact id: '5de36608ff5f0d311c54bb7283260256') in 0.038867 seconds 
  Import took 0.041524 seconds .

========================================================================
Received Import Request.
  Time since last request: 0.000505 seconds.
  path: Assets/JR-1/JR-1 Prefabs/JR-1 run left.prefab
  artifactKey: Guid(64deeb58dad0f054fa8e2edef38eaeff) Importer(815301076,1909f56bfc062723c751e8b465ee728b)
Start importing Assets/JR-1/JR-1 Prefabs/JR-1 run left.prefab using Guid(64deeb58dad0f054fa8e2edef38eaeff) Importer(815301076,1909f56bfc062723c751e8b465ee728b)  -> (artifact id: 'f3953e15d4645b59f73c48f28372ac2a') in 0.009841 seconds 
  Import took 0.012394 seconds .

========================================================================
Received Import Request.
  Time since last request: 0.000486 seconds.
  path: Assets/JR-1/JR-1 Prefabs/JR-1 mod2 run back.prefab
  artifactKey: Guid(21ea0becc9494814d87b510f8e7813aa) Importer(815301076,1909f56bfc062723c751e8b465ee728b)
Start importing Assets/JR-1/JR-1 Prefabs/JR-1 mod2 run back.prefab using Guid(21ea0becc9494814d87b510f8e7813aa) Importer(815301076,1909f56bfc062723c751e8b465ee728b)  -> (artifact id: '7ec6a86ff0d958b0c2acebcfc43876da') in 0.010119 seconds 
  Import took 0.012570 seconds .

========================================================================
Received Import Request.
  Time since last request: 0.000515 seconds.
  path: Assets/JR-1/JR-1 Prefabs/JR-1 mod1 run right.prefab
  artifactKey: Guid(63a2991a353f5da4d8b90eb56a3ddfad) Importer(815301076,1909f56bfc062723c751e8b465ee728b)
Start importing Assets/JR-1/JR-1 Prefabs/JR-1 mod1 run right.prefab using Guid(63a2991a353f5da4d8b90eb56a3ddfad) Importer(815301076,1909f56bfc062723c751e8b465ee728b)  -> (artifact id: '8844ca68df63a206551d6a3b63d0386b') in 0.012625 seconds 
  Import took 0.015045 seconds .

========================================================================
Received Import Request.
  Time since last request: 0.000428 seconds.
  path: Assets/JR-1/JR-1 Prefabs/JR-1 mod2 run right.prefab
  artifactKey: Guid(e0ee5d854dcaa55448c6cf70c4c129e3) Importer(815301076,1909f56bfc062723c751e8b465ee728b)
Start importing Assets/JR-1/JR-1 Prefabs/JR-1 mod2 run right.prefab using Guid(e0ee5d854dcaa55448c6cf70c4c129e3) Importer(815301076,1909f56bfc062723c751e8b465ee728b)  -> (artifact id: 'abda42551a1047ff053a667396edcfef') in 0.008473 seconds 
  Import took 0.010899 seconds .

========================================================================
Received Import Request.
  Time since last request: 0.000434 seconds.
  path: Assets/JR-1/JR-1 Prefabs/JR-1 broken.prefab
  artifactKey: Guid(ce496ff81961c674e9aaa71603e66c06) Importer(815301076,1909f56bfc062723c751e8b465ee728b)
Start importing Assets/JR-1/JR-1 Prefabs/JR-1 broken.prefab using Guid(ce496ff81961c674e9aaa71603e66c06) Importer(815301076,1909f56bfc062723c751e8b465ee728b)  -> (artifact id: 'e6199c816e19bc4c20b9e90a95a8cdf2') in 0.010592 seconds 
  Import took 0.013495 seconds .

========================================================================
Received Import Request.
  Time since last request: 0.000487 seconds.
  path: Assets/JR-1/JR-1 Prefabs/JR-1 attack2.prefab
  artifactKey: Guid(353f80edeb723704a9f6e9d898d19f5d) Importer(815301076,1909f56bfc062723c751e8b465ee728b)
Start importing Assets/JR-1/JR-1 Prefabs/JR-1 attack2.prefab using Guid(353f80edeb723704a9f6e9d898d19f5d) Importer(815301076,1909f56bfc062723c751e8b465ee728b)  -> (artifact id: 'dee12ab2ccc8c127e013b0ed66e74c29') in 0.009896 seconds 
  Import took 0.012281 seconds .

========================================================================
Received Import Request.
  Time since last request: 0.000437 seconds.
  path: Assets/JR-1/JR-1 Prefabs/JR-1 mod1 attack2.prefab
  artifactKey: Guid(2e18090e474c7634f8363c34b83fa1f4) Importer(815301076,1909f56bfc062723c751e8b465ee728b)
Start importing Assets/JR-1/JR-1 Prefabs/JR-1 mod1 attack2.prefab using Guid(2e18090e474c7634f8363c34b83fa1f4) Importer(815301076,1909f56bfc062723c751e8b465ee728b)  -> (artifact id: '6dce9c7ef1343f71b03f1a821cdc35a8') in 0.009456 seconds 
  Import took 0.011824 seconds .

========================================================================
Received Import Request.
  Time since last request: 0.000526 seconds.
  path: Assets/JR-1/JR-1 Prefabs/JR-1 mod1 jump.prefab
  artifactKey: Guid(a2312d698aec1774a828a5d6fcfc8b11) Importer(815301076,1909f56bfc062723c751e8b465ee728b)
Start importing Assets/JR-1/JR-1 Prefabs/JR-1 mod1 jump.prefab using Guid(a2312d698aec1774a828a5d6fcfc8b11) Importer(815301076,1909f56bfc062723c751e8b465ee728b)  -> (artifact id: '00fae55fee06fdbead1543aa3ec3a1fe') in 0.008732 seconds 
  Import took 0.011070 seconds .

========================================================================
Received Import Request.
  Time since last request: 0.000476 seconds.
  path: Assets/JR-1/JR-1 Prefabs/JR-1 mod1 broken.prefab
  artifactKey: Guid(f9e7fabb01491704585f70c81084c1de) Importer(815301076,1909f56bfc062723c751e8b465ee728b)
Start importing Assets/JR-1/JR-1 Prefabs/JR-1 mod1 broken.prefab using Guid(f9e7fabb01491704585f70c81084c1de) Importer(815301076,1909f56bfc062723c751e8b465ee728b)  -> (artifact id: 'c033e50a4805d1e93e24ee284d1fe124') in 0.008459 seconds 
  Import took 0.010859 seconds .

========================================================================
Received Import Request.
  Time since last request: 0.000491 seconds.
  path: Assets/JR-1/JR-1 Prefabs/JR-1 jump.prefab
  artifactKey: Guid(f6c74e00f70b9c542a8149b06761256d) Importer(815301076,1909f56bfc062723c751e8b465ee728b)
Start importing Assets/JR-1/JR-1 Prefabs/JR-1 jump.prefab using Guid(f6c74e00f70b9c542a8149b06761256d) Importer(815301076,1909f56bfc062723c751e8b465ee728b)  -> (artifact id: 'b1446c4796ba1dcaa1cffd80c423d252') in 0.010640 seconds 
  Import took 0.012989 seconds .

========================================================================
Received Import Request.
  Time since last request: 0.000493 seconds.
  path: Assets/JR-1/JR-1 Prefabs/JR-1 mod2 run left.prefab
  artifactKey: Guid(b99f0a5c1c4c307448f4a40870fed93f) Importer(815301076,1909f56bfc062723c751e8b465ee728b)
Start importing Assets/JR-1/JR-1 Prefabs/JR-1 mod2 run left.prefab using Guid(b99f0a5c1c4c307448f4a40870fed93f) Importer(815301076,1909f56bfc062723c751e8b465ee728b)  -> (artifact id: '749f3e88adf59cbca7dcf38f3263a69d') in 0.009201 seconds 
  Import took 0.011686 seconds .

========================================================================
Received Import Request.
  Time since last request: 0.000503 seconds.
  path: Assets/JR-1/JR-1 Prefabs/JR-1 idle.prefab
  artifactKey: Guid(a8e844a132914774fa6f0412d9d4c9a9) Importer(815301076,1909f56bfc062723c751e8b465ee728b)
Start importing Assets/JR-1/JR-1 Prefabs/JR-1 idle.prefab using Guid(a8e844a132914774fa6f0412d9d4c9a9) Importer(815301076,1909f56bfc062723c751e8b465ee728b)  -> (artifact id: '2745d4f7f9f8bd1fb6c2707ae93cb6fc') in 0.008400 seconds 
  Import took 0.010852 seconds .

========================================================================
Received Import Request.
  Time since last request: 0.000376 seconds.
  path: Assets/JR-1/JR-1 Prefabs/JR-1 run right.prefab
  artifactKey: Guid(e1889af28b68a3842966bd22b1e2981e) Importer(815301076,1909f56bfc062723c751e8b465ee728b)
Start importing Assets/JR-1/JR-1 Prefabs/JR-1 run right.prefab using Guid(e1889af28b68a3842966bd22b1e2981e) Importer(815301076,1909f56bfc062723c751e8b465ee728b)  -> (artifact id: '6bd7f311d57b3cc827b5e150a067e1e4') in 0.010301 seconds 
  Import took 0.013011 seconds .

========================================================================
Received Import Request.
  Time since last request: 0.000490 seconds.
  path: Assets/JR-1/JR-1 Prefabs/JR-1 run back 1.prefab
  artifactKey: Guid(c7003b90a23243c4ca1928e69273cc19) Importer(815301076,1909f56bfc062723c751e8b465ee728b)
Start importing Assets/JR-1/JR-1 Prefabs/JR-1 run back 1.prefab using Guid(c7003b90a23243c4ca1928e69273cc19) Importer(815301076,1909f56bfc062723c751e8b465ee728b)  -> (artifact id: 'fa8ed536970fd7f8e96ece0da2fa4d4a') in 0.009520 seconds 
  Import took 0.012598 seconds .

========================================================================
Received Import Request.
  Time since last request: 0.000391 seconds.
  path: Assets/JR-1/JR-1 Prefabs/Plane.prefab
  artifactKey: Guid(301ddaaf26bf3fa4db47119dac39ef20) Importer(815301076,1909f56bfc062723c751e8b465ee728b)
Start importing Assets/JR-1/JR-1 Prefabs/Plane.prefab using Guid(301ddaaf26bf3fa4db47119dac39ef20) Importer(815301076,1909f56bfc062723c751e8b465ee728b)  -> (artifact id: 'fc6ca6b7d46fa11df77376562f760117') in 0.006503 seconds 
  Import took 0.009521 seconds .

========================================================================
Received Import Request.
  Time since last request: 0.000675 seconds.
  path: Assets/JR-1/JR-1 Prefabs/JR-1 mod1 run back.prefab
  artifactKey: Guid(84ecdcd4fec7b66448fab1c587a80cd6) Importer(815301076,1909f56bfc062723c751e8b465ee728b)
Start importing Assets/JR-1/JR-1 Prefabs/JR-1 mod1 run back.prefab using Guid(84ecdcd4fec7b66448fab1c587a80cd6) Importer(815301076,1909f56bfc062723c751e8b465ee728b)  -> (artifact id: '1532e9c73878223371041976eac03d78') in 0.009779 seconds 
  Import took 0.012365 seconds .

========================================================================
Received Import Request.
  Time since last request: 0.000402 seconds.
  path: Assets/JR-1/JR-1 Prefabs/JR-1 mod1 run.prefab
  artifactKey: Guid(4f4ec94102da4d9498c7f247f4d4c3cd) Importer(815301076,1909f56bfc062723c751e8b465ee728b)
Start importing Assets/JR-1/JR-1 Prefabs/JR-1 mod1 run.prefab using Guid(4f4ec94102da4d9498c7f247f4d4c3cd) Importer(815301076,1909f56bfc062723c751e8b465ee728b)  -> (artifact id: '1fa235815499f8c2cf8dc7b4b6dacf92') in 0.013006 seconds 
  Import took 0.015368 seconds .

========================================================================
Received Import Request.
  Time since last request: 0.000449 seconds.
  path: Assets/JR-1/JR-1 Prefabs/JR-1 mod1 attack1.prefab
  artifactKey: Guid(386076269428bef43a221d4749df5145) Importer(815301076,1909f56bfc062723c751e8b465ee728b)
Start importing Assets/JR-1/JR-1 Prefabs/JR-1 mod1 attack1.prefab using Guid(386076269428bef43a221d4749df5145) Importer(815301076,1909f56bfc062723c751e8b465ee728b)  -> (artifact id: '9fbb9fd95a1fa0e13a9c62e9a83a480e') in 0.010329 seconds 
  Import took 0.012898 seconds .

========================================================================
Received Import Request.
  Time since last request: 0.000386 seconds.
  path: Assets/JR-1/JR-1 Prefabs/JR-1 mod1 idle.prefab
  artifactKey: Guid(852f04809b993b24298c91cf0229b149) Importer(815301076,1909f56bfc062723c751e8b465ee728b)
Start importing Assets/JR-1/JR-1 Prefabs/JR-1 mod1 idle.prefab using Guid(852f04809b993b24298c91cf0229b149) Importer(815301076,1909f56bfc062723c751e8b465ee728b)  -> (artifact id: '353b91be163b8446e6c6d8a70056e4f0') in 0.010205 seconds 
  Import took 0.012853 seconds .

========================================================================
Received Import Request.
  Time since last request: 0.000330 seconds.
  path: Assets/JR-1/JR-1 Prefabs/JR-1 mod2 broken.prefab
  artifactKey: Guid(b0e19909b682de74c84f659b660bf5f6) Importer(815301076,1909f56bfc062723c751e8b465ee728b)
Start importing Assets/JR-1/JR-1 Prefabs/JR-1 mod2 broken.prefab using Guid(b0e19909b682de74c84f659b660bf5f6) Importer(815301076,1909f56bfc062723c751e8b465ee728b)  -> (artifact id: '62597f802d0fbf6912ef723f6013694b') in 0.012857 seconds 
  Import took 0.017792 seconds .

========================================================================
Received Import Request.
  Time since last request: 0.000495 seconds.
  path: Assets/JR-1/JR-1 Prefabs/JR-1 mod2 attack2.prefab
  artifactKey: Guid(d6052fdd123e52747bcbfbc0dab8c0ec) Importer(815301076,1909f56bfc062723c751e8b465ee728b)
Start importing Assets/JR-1/JR-1 Prefabs/JR-1 mod2 attack2.prefab using Guid(d6052fdd123e52747bcbfbc0dab8c0ec) Importer(815301076,1909f56bfc062723c751e8b465ee728b)  -> (artifact id: '5372e82a4a3264aa0664d5e74c3e4a7e') in 0.010733 seconds 
  Import took 0.013985 seconds .

========================================================================
Received Import Request.
  Time since last request: 0.000359 seconds.
  path: Assets/JR-1/JR-1 Prefabs/JR-1 run.prefab
  artifactKey: Guid(985dcc5863abde34f8d8942ef7cdfb9d) Importer(815301076,1909f56bfc062723c751e8b465ee728b)
Start importing Assets/JR-1/JR-1 Prefabs/JR-1 run.prefab using Guid(985dcc5863abde34f8d8942ef7cdfb9d) Importer(815301076,1909f56bfc062723c751e8b465ee728b)  -> (artifact id: '47fd9dc4908ad0793104af2fb0e87226') in 0.012445 seconds 
  Import took 0.017051 seconds .

========================================================================
Received Import Request.
  Time since last request: 0.000475 seconds.
  path: Assets/JR-1/JR-1 Prefabs/JR-1 run back.prefab
  artifactKey: Guid(cc31d0b7be060a645ae7856129bd6bfb) Importer(815301076,1909f56bfc062723c751e8b465ee728b)
Start importing Assets/JR-1/JR-1 Prefabs/JR-1 run back.prefab using Guid(cc31d0b7be060a645ae7856129bd6bfb) Importer(815301076,1909f56bfc062723c751e8b465ee728b)  -> (artifact id: 'd675980d2344be6f898de7eb7c3e378c') in 0.008695 seconds 
  Import took 0.011082 seconds .

========================================================================
Received Import Request.
  Time since last request: 0.000391 seconds.
  path: Assets/JR-1/JR-1 Prefabs/JR-1 mod2 attack1.prefab
  artifactKey: Guid(1c65b3519df2c054ca687071471b272c) Importer(815301076,1909f56bfc062723c751e8b465ee728b)
Start importing Assets/JR-1/JR-1 Prefabs/JR-1 mod2 attack1.prefab using Guid(1c65b3519df2c054ca687071471b272c) Importer(815301076,1909f56bfc062723c751e8b465ee728b)  -> (artifact id: '714195f992a91020bdb74ec338190f0f') in 0.008579 seconds 
  Import took 0.011076 seconds .

========================================================================
Received Import Request.
  Time since last request: 0.000513 seconds.
  path: Assets/JR-1/JR-1 Prefabs/JR-1 mod2 idle.prefab
  artifactKey: Guid(64b10a4ad0681d543a34634dbc462f43) Importer(815301076,1909f56bfc062723c751e8b465ee728b)
Start importing Assets/JR-1/JR-1 Prefabs/JR-1 mod2 idle.prefab using Guid(64b10a4ad0681d543a34634dbc462f43) Importer(815301076,1909f56bfc062723c751e8b465ee728b)  -> (artifact id: 'f254f5c9782c0a5c208aa9dae12965b2') in 0.008998 seconds 
  Import took 0.011556 seconds .

========================================================================
Received Import Request.
  Time since last request: 0.000377 seconds.
  path: Assets/JR-1/JR-1 Prefabs/JR-1 mod1 run left.prefab
  artifactKey: Guid(d354e0e1e4137d845a626455e2e1c4f8) Importer(815301076,1909f56bfc062723c751e8b465ee728b)
Start importing Assets/JR-1/JR-1 Prefabs/JR-1 mod1 run left.prefab using Guid(d354e0e1e4137d845a626455e2e1c4f8) Importer(815301076,1909f56bfc062723c751e8b465ee728b)  -> (artifact id: 'ac0e9071a345a8b73da370c5b0c6a119') in 0.009098 seconds 
  Import took 0.011440 seconds .

========================================================================
Received Import Request.
  Time since last request: 0.000359 seconds.
  path: Assets/JR-1/JR-1 Prefabs/JR-1 mod2 run.prefab
  artifactKey: Guid(46cb3d79584ed5b4d9f6bf07a18b279f) Importer(815301076,1909f56bfc062723c751e8b465ee728b)
Start importing Assets/JR-1/JR-1 Prefabs/JR-1 mod2 run.prefab using Guid(46cb3d79584ed5b4d9f6bf07a18b279f) Importer(815301076,1909f56bfc062723c751e8b465ee728b)  -> (artifact id: '34515f9cfba254a3eec8c4008233e12d') in 0.009249 seconds 
  Import took 0.012013 seconds .

========================================================================
Received Import Request.
  Time since last request: 29.445507 seconds.
  path: Assets/JR-1/JR-1 Models
  artifactKey: Guid(46fb3ccda1df7f042adf7c06c5f8d04d) Importer(815301076,1909f56bfc062723c751e8b465ee728b)
Start importing Assets/JR-1/JR-1 Models using Guid(46fb3ccda1df7f042adf7c06c5f8d04d) Importer(815301076,1909f56bfc062723c751e8b465ee728b)  -> (artifact id: 'cc1dee4e8a23466df37514106bc260ea') in 0.001531 seconds 
  Import took 0.003969 seconds .

========================================================================
Received Import Request.
  Time since last request: 0.100506 seconds.
  path: Assets/JR-1/JR-1 Models/JR-1 attack1.FBX
  artifactKey: Guid(1696c1f720cc98b43ab403663141450f) Importer(815301076,1909f56bfc062723c751e8b465ee728b)
Start importing Assets/JR-1/JR-1 Models/JR-1 attack1.FBX using Guid(1696c1f720cc98b43ab403663141450f) Importer(815301076,1909f56bfc062723c751e8b465ee728b)  -> (artifact id: '6ae85630ab1eccb204f8799a4fe92f9e') in 0.115442 seconds 
  Import took 0.118155 seconds .

========================================================================
Received Import Request.
  Time since last request: 0.000494 seconds.
  path: Assets/JR-1/JR-1 Models/JR-1 mod2 run back.FBX
  artifactKey: Guid(0ddd2b56abaa0eb41af30f898f018511) Importer(815301076,1909f56bfc062723c751e8b465ee728b)
Start importing Assets/JR-1/JR-1 Models/JR-1 mod2 run back.FBX using Guid(0ddd2b56abaa0eb41af30f898f018511) Importer(815301076,1909f56bfc062723c751e8b465ee728b)  -> (artifact id: 'da39d15c16e795c60f89c37f05a1ec02') in 0.052014 seconds 
  Import took 0.054437 seconds .

========================================================================
Received Import Request.
  Time since last request: 0.000458 seconds.
  path: Assets/JR-1/JR-1 Models/JR-1 mod1 run.FBX
  artifactKey: Guid(c174fcbb62ac83a4fa3f509306ee2d3a) Importer(815301076,1909f56bfc062723c751e8b465ee728b)
Start importing Assets/JR-1/JR-1 Models/JR-1 mod1 run.FBX using Guid(c174fcbb62ac83a4fa3f509306ee2d3a) Importer(815301076,1909f56bfc062723c751e8b465ee728b)  -> (artifact id: '5e64855e106824f583d893fb874bb7dc') in 0.046894 seconds 
  Import took 0.049295 seconds .

========================================================================
Received Import Request.
  Time since last request: 0.000457 seconds.
  path: Assets/JR-1/JR-1 Models/JR-1 run.FBX
  artifactKey: Guid(5b3e1e248fcf892418e086dad267c030) Importer(815301076,1909f56bfc062723c751e8b465ee728b)
Start importing Assets/JR-1/JR-1 Models/JR-1 run.FBX using Guid(5b3e1e248fcf892418e086dad267c030) Importer(815301076,1909f56bfc062723c751e8b465ee728b)  -> (artifact id: 'ccd8f2babbb6204958ffcfd2d3676f70') in 0.044113 seconds 
  Import took 0.046697 seconds .

========================================================================
Received Import Request.
  Time since last request: 0.000482 seconds.
  path: Assets/JR-1/JR-1 Models/JR-1 mod2 broken.FBX
  artifactKey: Guid(33c4490f39656c744bf28b047ea7aa9e) Importer(815301076,1909f56bfc062723c751e8b465ee728b)
Start importing Assets/JR-1/JR-1 Models/JR-1 mod2 broken.FBX using Guid(33c4490f39656c744bf28b047ea7aa9e) Importer(815301076,1909f56bfc062723c751e8b465ee728b)  -> (artifact id: 'ea0a6636ca1c9cfb22a2db5e61115d6b') in 0.051085 seconds 
  Import took 0.053657 seconds .

========================================================================
Received Import Request.
  Time since last request: 0.000344 seconds.
  path: Assets/JR-1/JR-1 Models/JR-1 base.FBX
  artifactKey: Guid(efad5b557b1cc5f4d81f4dbd519d004d) Importer(815301076,1909f56bfc062723c751e8b465ee728b)
Start importing Assets/JR-1/JR-1 Models/JR-1 base.FBX using Guid(efad5b557b1cc5f4d81f4dbd519d004d) Importer(815301076,1909f56bfc062723c751e8b465ee728b)  -> (artifact id: '53d12f344287b94a000b9bb44967252a') in 0.040216 seconds 
  Import took 0.043343 seconds .

========================================================================
Received Import Request.
  Time since last request: 0.000518 seconds.
  path: Assets/JR-1/JR-1 Models/JR-1 run back.FBX
  artifactKey: Guid(a883c238df7762747a9807867151a4a5) Importer(815301076,1909f56bfc062723c751e8b465ee728b)
Start importing Assets/JR-1/JR-1 Models/JR-1 run back.FBX using Guid(a883c238df7762747a9807867151a4a5) Importer(815301076,1909f56bfc062723c751e8b465ee728b)  -> (artifact id: 'bd38d910b8a430de2276bf8f82f5da86') in 0.040252 seconds 
  Import took 0.042739 seconds .

========================================================================
Received Import Request.
  Time since last request: 0.000505 seconds.
  path: Assets/JR-1/JR-1 Models/JR-1 mod1 base.FBX
  artifactKey: Guid(c33a1a86f2ad3df4fb014583a1826bf3) Importer(815301076,1909f56bfc062723c751e8b465ee728b)
Start importing Assets/JR-1/JR-1 Models/JR-1 mod1 base.FBX using Guid(c33a1a86f2ad3df4fb014583a1826bf3) Importer(815301076,1909f56bfc062723c751e8b465ee728b)  -> (artifact id: '61bd00ce10fc84ac38a36138f8bb7fde') in 0.047536 seconds 
  Import took 0.050001 seconds .

========================================================================
Received Import Request.
  Time since last request: 0.000460 seconds.
  path: Assets/JR-1/JR-1 Models/JR-1 mod1 idle.FBX
  artifactKey: Guid(eaa33fc9e71ce3e44bfc9d6aba81b6f0) Importer(815301076,1909f56bfc062723c751e8b465ee728b)
Start importing Assets/JR-1/JR-1 Models/JR-1 mod1 idle.FBX using Guid(eaa33fc9e71ce3e44bfc9d6aba81b6f0) Importer(815301076,1909f56bfc062723c751e8b465ee728b)  -> (artifact id: 'fc369b1840c209b1a8cf984200ad28b7') in 0.049654 seconds 
  Import took 0.052336 seconds .

========================================================================
Received Import Request.
  Time since last request: 0.000530 seconds.
  path: Assets/JR-1/JR-1 Models/JR-1 mod2 attack2.FBX
  artifactKey: Guid(5d3b96e797049734c9762210969b1823) Importer(815301076,1909f56bfc062723c751e8b465ee728b)
Start importing Assets/JR-1/JR-1 Models/JR-1 mod2 attack2.FBX using Guid(5d3b96e797049734c9762210969b1823) Importer(815301076,1909f56bfc062723c751e8b465ee728b)  -> (artifact id: '72b7031d57f1bca61be154bd2a821b66') in 0.053110 seconds 
  Import took 0.055818 seconds .

========================================================================
Received Import Request.
  Time since last request: 0.000458 seconds.
  path: Assets/JR-1/JR-1 Models/JR-1 idle.FBX
  artifactKey: Guid(35e2a342166dbee4fa635444bb794abb) Importer(815301076,1909f56bfc062723c751e8b465ee728b)
Start importing Assets/JR-1/JR-1 Models/JR-1 idle.FBX using Guid(35e2a342166dbee4fa635444bb794abb) Importer(815301076,1909f56bfc062723c751e8b465ee728b)  -> (artifact id: '5bbec70797c47448a9815d29f95e1c20') in 0.039716 seconds 
  Import took 0.042113 seconds .

========================================================================
Received Import Request.
  Time since last request: 0.000516 seconds.
  path: Assets/JR-1/JR-1 Models/JR-1 mod2 run right.FBX
  artifactKey: Guid(c4faba5d34ea3c642b53189e784c43da) Importer(815301076,1909f56bfc062723c751e8b465ee728b)
Start importing Assets/JR-1/JR-1 Models/JR-1 mod2 run right.FBX using Guid(c4faba5d34ea3c642b53189e784c43da) Importer(815301076,1909f56bfc062723c751e8b465ee728b)  -> (artifact id: '7ad7397cb41481b21cea4ad83243479f') in 0.052816 seconds 
  Import took 0.055322 seconds .

========================================================================
Received Import Request.
  Time since last request: 0.000511 seconds.
  path: Assets/JR-1/JR-1 Models/JR-1 run right.FBX
  artifactKey: Guid(e0229ee31380b3d4b95ee0de1105cfb2) Importer(815301076,1909f56bfc062723c751e8b465ee728b)
Start importing Assets/JR-1/JR-1 Models/JR-1 run right.FBX using Guid(e0229ee31380b3d4b95ee0de1105cfb2) Importer(815301076,1909f56bfc062723c751e8b465ee728b)  -> (artifact id: 'da572c54037cec5e0c0a558ad7134db5') in 0.044696 seconds 
  Import took 0.046984 seconds .

========================================================================
Received Import Request.
  Time since last request: 0.000449 seconds.
  path: Assets/JR-1/JR-1 Models/JR-1 run left.FBX
  artifactKey: Guid(a4308089d813f88428b43d53b425e5d6) Importer(815301076,1909f56bfc062723c751e8b465ee728b)
Start importing Assets/JR-1/JR-1 Models/JR-1 run left.FBX using Guid(a4308089d813f88428b43d53b425e5d6) Importer(815301076,1909f56bfc062723c751e8b465ee728b)  -> (artifact id: '462f9ba4511df34ebd401e6cfe6cb49c') in 0.049463 seconds 
  Import took 0.051816 seconds .

========================================================================
Received Import Request.
  Time since last request: 0.000533 seconds.
  path: Assets/JR-1/JR-1 Models/JR-1 mod2 run.FBX
  artifactKey: Guid(5f6a08810a5b02e42a070872278015cb) Importer(815301076,1909f56bfc062723c751e8b465ee728b)
Start importing Assets/JR-1/JR-1 Models/JR-1 mod2 run.FBX using Guid(5f6a08810a5b02e42a070872278015cb) Importer(815301076,1909f56bfc062723c751e8b465ee728b)  -> (artifact id: '29d31b9749844f9fc61e501839c9654f') in 0.049191 seconds 
  Import took 0.051591 seconds .

========================================================================
Received Import Request.
  Time since last request: 0.000434 seconds.
  path: Assets/JR-1/JR-1 Models/JR-1 mod2 idle.FBX
  artifactKey: Guid(dd0dee84912a7af46bde443457b7f2a3) Importer(815301076,1909f56bfc062723c751e8b465ee728b)
Start importing Assets/JR-1/JR-1 Models/JR-1 mod2 idle.FBX using Guid(dd0dee84912a7af46bde443457b7f2a3) Importer(815301076,1909f56bfc062723c751e8b465ee728b)  -> (artifact id: 'cfce3e65de69b818271c2632f79d2b80') in 0.051962 seconds 
  Import took 0.054362 seconds .

========================================================================
Received Import Request.
  Time since last request: 0.000449 seconds.
  path: Assets/JR-1/JR-1 Models/JR-1 broken.FBX
  artifactKey: Guid(3b78595e8e855834595ade50e0c4df87) Importer(815301076,1909f56bfc062723c751e8b465ee728b)
Start importing Assets/JR-1/JR-1 Models/JR-1 broken.FBX using Guid(3b78595e8e855834595ade50e0c4df87) Importer(815301076,1909f56bfc062723c751e8b465ee728b)  -> (artifact id: '654007612813a8fdd252fca8023baed7') in 0.048594 seconds 
  Import took 0.051062 seconds .

========================================================================
Received Import Request.
  Time since last request: 0.000561 seconds.
  path: Assets/JR-1/JR-1 Models/JR-1 mod1 run left.FBX
  artifactKey: Guid(a04568a361a1784418a0cdaf35652c3e) Importer(815301076,1909f56bfc062723c751e8b465ee728b)
Start importing Assets/JR-1/JR-1 Models/JR-1 mod1 run left.FBX using Guid(a04568a361a1784418a0cdaf35652c3e) Importer(815301076,1909f56bfc062723c751e8b465ee728b)  -> (artifact id: 'ca355e3f754390c86b4311b9150d1d7e') in 0.052204 seconds 
  Import took 0.054607 seconds .

========================================================================
Received Import Request.
  Time since last request: 0.000431 seconds.
  path: Assets/JR-1/JR-1 Models/JR-1 jump.FBX
  artifactKey: Guid(f7261eeea1ef8554386b4ceaed79c04b) Importer(815301076,1909f56bfc062723c751e8b465ee728b)
Start importing Assets/JR-1/JR-1 Models/JR-1 jump.FBX using Guid(f7261eeea1ef8554386b4ceaed79c04b) Importer(815301076,1909f56bfc062723c751e8b465ee728b)  -> (artifact id: '603b1352d9e41d06e3af376c2ae2a94d') in 0.042963 seconds 
  Import took 0.045313 seconds .

========================================================================
Received Import Request.
  Time since last request: 0.000463 seconds.
  path: Assets/JR-1/JR-1 Models/JR-1 mod1 broken.FBX
  artifactKey: Guid(4392dd043246e3a419208d5ccfc73085) Importer(815301076,1909f56bfc062723c751e8b465ee728b)
Start importing Assets/JR-1/JR-1 Models/JR-1 mod1 broken.FBX using Guid(4392dd043246e3a419208d5ccfc73085) Importer(815301076,1909f56bfc062723c751e8b465ee728b)  -> (artifact id: '2ed9a3a8bdc346e9df65347a15e444e5') in 0.045899 seconds 
  Import took 0.048271 seconds .

========================================================================
Received Import Request.
  Time since last request: 0.000462 seconds.
  path: Assets/JR-1/JR-1 Models/JR-1 mod1 run right.FBX
  artifactKey: Guid(ac658c3a0b429ce4298f95593ee26a53) Importer(815301076,1909f56bfc062723c751e8b465ee728b)
Start importing Assets/JR-1/JR-1 Models/JR-1 mod1 run right.FBX using Guid(ac658c3a0b429ce4298f95593ee26a53) Importer(815301076,1909f56bfc062723c751e8b465ee728b)  -> (artifact id: 'eb848208a935fda55d9d9818b2642b00') in 0.044991 seconds 
  Import took 0.047818 seconds .

========================================================================
Received Import Request.
  Time since last request: 0.000392 seconds.
  path: Assets/JR-1/JR-1 Models/JR-1 mod1 attack2.FBX
  artifactKey: Guid(e64c9267357fcda40ae08cc278f92f4f) Importer(815301076,1909f56bfc062723c751e8b465ee728b)
Start importing Assets/JR-1/JR-1 Models/JR-1 mod1 attack2.FBX using Guid(e64c9267357fcda40ae08cc278f92f4f) Importer(815301076,1909f56bfc062723c751e8b465ee728b)  -> (artifact id: 'ceaae4b14f7076408f648042e0932507') in 0.054006 seconds 
  Import took 0.056681 seconds .

========================================================================
Received Import Request.
  Time since last request: 0.000457 seconds.
  path: Assets/JR-1/JR-1 Models/JR-1 mod2 base.FBX
  artifactKey: Guid(ba7b043542de0ac41b75c9b4b64c93e1) Importer(815301076,1909f56bfc062723c751e8b465ee728b)
Start importing Assets/JR-1/JR-1 Models/JR-1 mod2 base.FBX using Guid(ba7b043542de0ac41b75c9b4b64c93e1) Importer(815301076,1909f56bfc062723c751e8b465ee728b)  -> (artifact id: '98476b0749cff1ee905f3ebdb4f6c24f') in 0.053924 seconds 
  Import took 0.056269 seconds .

========================================================================
Received Import Request.
  Time since last request: 0.000503 seconds.
  path: Assets/JR-1/JR-1 Models/JR-1 mod2 attack1.FBX
  artifactKey: Guid(ae7c849097449a540ae273ac39d033b9) Importer(815301076,1909f56bfc062723c751e8b465ee728b)
Start importing Assets/JR-1/JR-1 Models/JR-1 mod2 attack1.FBX using Guid(ae7c849097449a540ae273ac39d033b9) Importer(815301076,1909f56bfc062723c751e8b465ee728b)  -> (artifact id: 'ea9f96e27c93c0b635a42c760bcd9bdd') in 0.047603 seconds 
  Import took 0.050016 seconds .

========================================================================
Received Import Request.
  Time since last request: 0.000503 seconds.
  path: Assets/JR-1/JR-1 Models/JR-1 mod2 run left.FBX
  artifactKey: Guid(f3019b4287510e74ab303de3438833e9) Importer(815301076,1909f56bfc062723c751e8b465ee728b)
Start importing Assets/JR-1/JR-1 Models/JR-1 mod2 run left.FBX using Guid(f3019b4287510e74ab303de3438833e9) Importer(815301076,1909f56bfc062723c751e8b465ee728b)  -> (artifact id: 'fbfbb964d7438f799d54844eac4689e9') in 0.056705 seconds 
  Import took 0.059418 seconds .

========================================================================
Received Import Request.
  Time since last request: 0.000519 seconds.
  path: Assets/JR-1/JR-1 Models/JR-1 mod1 run back.FBX
  artifactKey: Guid(35e9d675475730f429b0a993d713690c) Importer(815301076,1909f56bfc062723c751e8b465ee728b)
Start importing Assets/JR-1/JR-1 Models/JR-1 mod1 run back.FBX using Guid(35e9d675475730f429b0a993d713690c) Importer(815301076,1909f56bfc062723c751e8b465ee728b)  -> (artifact id: '286288474a8595616809868eed50812c') in 0.049578 seconds 
  Import took 0.051977 seconds .

========================================================================
Received Import Request.
  Time since last request: 0.000524 seconds.
  path: Assets/JR-1/JR-1 Models/JR-1 attack2.FBX
  artifactKey: Guid(56065f4d067ac27448ec9c92dcc1f38a) Importer(815301076,1909f56bfc062723c751e8b465ee728b)
Start importing Assets/JR-1/JR-1 Models/JR-1 attack2.FBX using Guid(56065f4d067ac27448ec9c92dcc1f38a) Importer(815301076,1909f56bfc062723c751e8b465ee728b)  -> (artifact id: '7992a825ceebe31340ee90d05b12160d') in 0.044164 seconds 
  Import took 0.046522 seconds .

========================================================================
Received Import Request.
  Time since last request: 0.000519 seconds.
  path: Assets/JR-1/JR-1 Models/JR-1 mod1 jump.FBX
  artifactKey: Guid(4060debe5dbd4b1408e115a5b5386527) Importer(815301076,1909f56bfc062723c751e8b465ee728b)
Start importing Assets/JR-1/JR-1 Models/JR-1 mod1 jump.FBX using Guid(4060debe5dbd4b1408e115a5b5386527) Importer(815301076,1909f56bfc062723c751e8b465ee728b)  -> (artifact id: 'e877075ab38a5cd5a9eaf90e1b881d61') in 0.047235 seconds 
  Import took 0.049605 seconds .

========================================================================
Received Import Request.
  Time since last request: 0.000428 seconds.
  path: Assets/JR-1/JR-1 Models/JR-1 mod1 attack1.FBX
  artifactKey: Guid(7e1b24adfacf4134895b89e75563b54a) Importer(815301076,1909f56bfc062723c751e8b465ee728b)
Start importing Assets/JR-1/JR-1 Models/JR-1 mod1 attack1.FBX using Guid(7e1b24adfacf4134895b89e75563b54a) Importer(815301076,1909f56bfc062723c751e8b465ee728b)  -> (artifact id: '6fe8b7a4c37c4d95189d4dc24472be2b') in 0.043752 seconds 
  Import took 0.046132 seconds .

========================================================================
Received Import Request.
  Time since last request: 2.666787 seconds.
  path: Assets/JR-1/JR-1 Materials
  artifactKey: Guid(96fc74eded2023e4c96bcc0a2d38701c) Importer(815301076,1909f56bfc062723c751e8b465ee728b)
Start importing Assets/JR-1/JR-1 Materials using Guid(96fc74eded2023e4c96bcc0a2d38701c) Importer(815301076,1909f56bfc062723c751e8b465ee728b)  -> (artifact id: '1856d4cae1dde9937989aa5e8360ce19') in 0.001476 seconds 
  Import took 0.004039 seconds .

========================================================================
Received Import Request.
  Time since last request: 0.163312 seconds.
  path: Assets/JR-1/JR-1 Materials/Example Material.mat
  artifactKey: Guid(c3156e668ca0f6f4aa39eb8d90d011e8) Importer(815301076,1909f56bfc062723c751e8b465ee728b)
Start importing Assets/JR-1/JR-1 Materials/Example Material.mat using Guid(c3156e668ca0f6f4aa39eb8d90d011e8) Importer(815301076,1909f56bfc062723c751e8b465ee728b)  -> (artifact id: '2322acf1a25e20b714f87ed031c41640') in 0.028056 seconds 
  Import took 0.030783 seconds .

========================================================================
Received Import Request.
  Time since last request: 50.228566 seconds.
  path: Assets/JR-1/JR-1 AnimContr/New Animator Controller 1.controller
  artifactKey: Guid(fa2f94cbf9b5e4348b54743e742870fd) Importer(815301076,1909f56bfc062723c751e8b465ee728b)
Start importing Assets/JR-1/JR-1 AnimContr/New Animator Controller 1.controller using Guid(fa2f94cbf9b5e4348b54743e742870fd) Importer(815301076,1909f56bfc062723c751e8b465ee728b)  -> (artifact id: 'ad4490791c79629d762a18fd081849f7') in 0.003979 seconds 
  Import took 0.007359 seconds .

========================================================================
Received Import Request.
  Time since last request: 24.974525 seconds.
  path: Assets/JR-1/JR-1 AnimContr/New Animator Controller 3.controller
  artifactKey: Guid(099ddb0118ac7194993248b847a13da4) Importer(815301076,1909f56bfc062723c751e8b465ee728b)
Start importing Assets/JR-1/JR-1 AnimContr/New Animator Controller 3.controller using Guid(099ddb0118ac7194993248b847a13da4) Importer(815301076,1909f56bfc062723c751e8b465ee728b)  -> (artifact id: 'd4cfd75758c4bd4151c6d17206dbebfc') in 0.002549 seconds 
  Import took 0.005023 seconds .

========================================================================
Received Import Request.
  Time since last request: 608.069764 seconds.
  path: Assets/Script/Script Jogo/Player/Cubo.cs
  artifactKey: Guid(c88732ede6786a649ae15d5121257a08) Importer(815301076,1909f56bfc062723c751e8b465ee728b)
Start importing Assets/Script/Script Jogo/Player/Cubo.cs using Guid(c88732ede6786a649ae15d5121257a08) Importer(815301076,1909f56bfc062723c751e8b465ee728b)  -> (artifact id: 'b80daf3098c6a82edfda6310df8c7305') in 0.007169 seconds 
  Import took 0.010136 seconds .

========================================================================
Received Prepare
Registering precompiled user dll's ...
Registered in 0.006719 seconds.
Begin MonoManager ReloadAssembly
Native extension for WindowsStandalone target not found
Refreshing native plugins compatible for Editor in 0.60 ms, found 2 plugins.
Preloading 0 native plugins for Editor in 0.00 ms.
Mono: successfully reloaded assembly
- Completed reload, in  5.554 seconds
Domain Reload Profiling:
	ReloadAssembly (5555ms)
		BeginReloadAssembly (189ms)
			ExecutionOrderSort (0ms)
			DisableScriptedObjects (9ms)
			BackupInstance (0ms)
			ReleaseScriptingObjects (0ms)
			CreateAndSetChildDomain (53ms)
		EndReloadAssembly (5262ms)
			LoadAssemblies (148ms)
			RebuildTransferFunctionScriptingTraits (0ms)
			SetupTypeCache (571ms)
			ReleaseScriptCaches (11ms)
			RebuildScriptCaches (206ms)
			SetupLoadedEditorAssemblies (3980ms)
				LogAssemblyErrors (0ms)
				InitializePlatformSupportModulesInManaged (13ms)
				SetLoadedEditorAssemblies (1ms)
				RefreshPlugins (1ms)
				BeforeProcessingInitializeOnLoad (390ms)
				ProcessInitializeOnLoadAttributes (3557ms)
				ProcessInitializeOnLoadMethodAttributes (11ms)
				AfterProcessingInitializeOnLoad (8ms)
				EditorAssembliesLoaded (1ms)
			ExecutionOrderSort2 (0ms)
			AwakeInstancesAfterBackupRestoration (15ms)
Platform modules already initialized, skipping
Refreshing native plugins compatible for Editor in 0.69 ms, found 2 plugins.
Preloading 0 native plugins for Editor in 0.00 ms.
Unloading 1398 Unused Serialized files (Serialized files now loaded: 0)
System memory in use before: 98.4 MB.
System memory in use after: 98.5 MB.

Unloading 12 unused Assets to reduce memory usage. Loaded Objects now: 1918.
Total: 7.126100 ms (FindLiveObjects: 0.477400 ms CreateObjectMapping: 0.117000 ms MarkObjects: 6.489400 ms  DeleteObjects: 0.040600 ms)

AssetImportParameters requested are different than current active one (requested -> active):
  custom:framework-win-MediaFoundation: 216162199b28c13a410421893ffa2e32 -> 
  custom:video-decoder-ogg-theora: a1e56fd34408186e4bbccfd4996cb3dc -> 
  custom:container-muxer-webm: aa71ff27fc2769a1b78a27578f13a17b -> 
  custom:container-demuxer-webm: 4f35f7cbe854078d1ac9338744f61a02 -> 
  custom:container-demuxer-ogg: 62fdf1f143b41e24485cea50d1cbac27 -> 
  custom:video-encoder-webm-vp8: eb34c28f22e8b96e1ab97ce403110664 -> 
  custom:video-decoder-webm-vp8: 9c59270c3fd7afecdb556c50c9e8de78 -> 
  custom:audio-decoder-ogg-vorbis: bf7c407c2cedff20999df2af8eb42d56 -> 
  custom:audio-encoder-webm-vorbis: bf7c407c2cedff20999df2af8eb42d56 -> 
========================================================================
Received Prepare
Registering precompiled user dll's ...
Registered in 0.002911 seconds.
Begin MonoManager ReloadAssembly
Native extension for WindowsStandalone target not found
Refreshing native plugins compatible for Editor in 0.37 ms, found 2 plugins.
Preloading 0 native plugins for Editor in 0.00 ms.
Mono: successfully reloaded assembly
- Completed reload, in  0.999 seconds
Domain Reload Profiling:
	ReloadAssembly (1000ms)
		BeginReloadAssembly (103ms)
			ExecutionOrderSort (0ms)
			DisableScriptedObjects (5ms)
			BackupInstance (0ms)
			ReleaseScriptingObjects (0ms)
			CreateAndSetChildDomain (31ms)
		EndReloadAssembly (826ms)
			LoadAssemblies (83ms)
			RebuildTransferFunctionScriptingTraits (0ms)
			SetupTypeCache (292ms)
			ReleaseScriptCaches (1ms)
			RebuildScriptCaches (48ms)
			SetupLoadedEditorAssemblies (304ms)
				LogAssemblyErrors (0ms)
				InitializePlatformSupportModulesInManaged (5ms)
				SetLoadedEditorAssemblies (0ms)
				RefreshPlugins (0ms)
				BeforeProcessingInitializeOnLoad (68ms)
				ProcessInitializeOnLoadAttributes (218ms)
				ProcessInitializeOnLoadMethodAttributes (4ms)
				AfterProcessingInitializeOnLoad (9ms)
				EditorAssembliesLoaded (0ms)
			ExecutionOrderSort2 (0ms)
			AwakeInstancesAfterBackupRestoration (7ms)
Platform modules already initialized, skipping
Refreshing native plugins compatible for Editor in 1.01 ms, found 2 plugins.
Preloading 0 native plugins for Editor in 0.00 ms.
Unloading 1398 Unused Serialized files (Serialized files now loaded: 0)
System memory in use before: 98.5 MB.
System memory in use after: 98.6 MB.

Unloading 11 unused Assets to reduce memory usage. Loaded Objects now: 1920.
Total: 2.933300 ms (FindLiveObjects: 0.156500 ms CreateObjectMapping: 0.036200 ms MarkObjects: 2.724700 ms  DeleteObjects: 0.015000 ms)

AssetImportParameters requested are different than current active one (requested -> active):
  custom:framework-win-MediaFoundation: 216162199b28c13a410421893ffa2e32 -> 
  custom:video-decoder-ogg-theora: a1e56fd34408186e4bbccfd4996cb3dc -> 
  custom:container-muxer-webm: aa71ff27fc2769a1b78a27578f13a17b -> 
  custom:container-demuxer-webm: 4f35f7cbe854078d1ac9338744f61a02 -> 
  custom:container-demuxer-ogg: 62fdf1f143b41e24485cea50d1cbac27 -> 
  custom:video-encoder-webm-vp8: eb34c28f22e8b96e1ab97ce403110664 -> 
  custom:video-decoder-webm-vp8: 9c59270c3fd7afecdb556c50c9e8de78 -> 
  custom:audio-decoder-ogg-vorbis: bf7c407c2cedff20999df2af8eb42d56 -> 
  custom:audio-encoder-webm-vorbis: bf7c407c2cedff20999df2af8eb42d56 -> 
========================================================================
Received Prepare
Registering precompiled user dll's ...
Registered in 0.002411 seconds.
Begin MonoManager ReloadAssembly
Native extension for WindowsStandalone target not found
Refreshing native plugins compatible for Editor in 0.34 ms, found 2 plugins.
Preloading 0 native plugins for Editor in 0.00 ms.
Mono: successfully reloaded assembly
- Completed reload, in  0.978 seconds
Domain Reload Profiling:
	ReloadAssembly (979ms)
		BeginReloadAssembly (108ms)
			ExecutionOrderSort (0ms)
			DisableScriptedObjects (4ms)
			BackupInstance (0ms)
			ReleaseScriptingObjects (0ms)
			CreateAndSetChildDomain (35ms)
		EndReloadAssembly (814ms)
			LoadAssemblies (81ms)
			RebuildTransferFunctionScriptingTraits (0ms)
			SetupTypeCache (287ms)
			ReleaseScriptCaches (1ms)
			RebuildScriptCaches (36ms)
			SetupLoadedEditorAssemblies (311ms)
				LogAssemblyErrors (0ms)
				InitializePlatformSupportModulesInManaged (4ms)
				SetLoadedEditorAssemblies (0ms)
				RefreshPlugins (0ms)
				BeforeProcessingInitializeOnLoad (87ms)
				ProcessInitializeOnLoadAttributes (208ms)
				ProcessInitializeOnLoadMethodAttributes (4ms)
				AfterProcessingInitializeOnLoad (7ms)
				EditorAssembliesLoaded (0ms)
			ExecutionOrderSort2 (0ms)
			AwakeInstancesAfterBackupRestoration (6ms)
Platform modules already initialized, skipping
Refreshing native plugins compatible for Editor in 0.35 ms, found 2 plugins.
Preloading 0 native plugins for Editor in 0.00 ms.
Unloading 1398 Unused Serialized files (Serialized files now loaded: 0)
System memory in use before: 98.5 MB.
System memory in use after: 98.6 MB.

Unloading 11 unused Assets to reduce memory usage. Loaded Objects now: 1922.
Total: 2.944700 ms (FindLiveObjects: 0.156700 ms CreateObjectMapping: 0.036800 ms MarkObjects: 2.736300 ms  DeleteObjects: 0.013900 ms)

AssetImportParameters requested are different than current active one (requested -> active):
  custom:framework-win-MediaFoundation: 216162199b28c13a410421893ffa2e32 -> 
  custom:video-decoder-ogg-theora: a1e56fd34408186e4bbccfd4996cb3dc -> 
  custom:container-muxer-webm: aa71ff27fc2769a1b78a27578f13a17b -> 
  custom:container-demuxer-webm: 4f35f7cbe854078d1ac9338744f61a02 -> 
  custom:container-demuxer-ogg: 62fdf1f143b41e24485cea50d1cbac27 -> 
  custom:video-encoder-webm-vp8: eb34c28f22e8b96e1ab97ce403110664 -> 
  custom:video-decoder-webm-vp8: 9c59270c3fd7afecdb556c50c9e8de78 -> 
  custom:audio-decoder-ogg-vorbis: bf7c407c2cedff20999df2af8eb42d56 -> 
  custom:audio-encoder-webm-vorbis: bf7c407c2cedff20999df2af8eb42d56 -> 
========================================================================
Received Prepare
Registering precompiled user dll's ...
Registered in 0.002196 seconds.
Begin MonoManager ReloadAssembly
Native extension for WindowsStandalone target not found
Refreshing native plugins compatible for Editor in 0.33 ms, found 2 plugins.
Preloading 0 native plugins for Editor in 0.00 ms.
Mono: successfully reloaded assembly
- Completed reload, in  1.014 seconds
Domain Reload Profiling:
	ReloadAssembly (1015ms)
		BeginReloadAssembly (112ms)
			ExecutionOrderSort (0ms)
			DisableScriptedObjects (5ms)
			BackupInstance (0ms)
			ReleaseScriptingObjects (0ms)
			CreateAndSetChildDomain (34ms)
		EndReloadAssembly (826ms)
			LoadAssemblies (86ms)
			RebuildTransferFunctionScriptingTraits (0ms)
			SetupTypeCache (289ms)
			ReleaseScriptCaches (1ms)
			RebuildScriptCaches (40ms)
			SetupLoadedEditorAssemblies (305ms)
				LogAssemblyErrors (0ms)
				InitializePlatformSupportModulesInManaged (5ms)
				SetLoadedEditorAssemblies (0ms)
				RefreshPlugins (0ms)
				BeforeProcessingInitializeOnLoad (69ms)
				ProcessInitializeOnLoadAttributes (221ms)
				ProcessInitializeOnLoadMethodAttributes (5ms)
				AfterProcessingInitializeOnLoad (4ms)
				EditorAssembliesLoaded (0ms)
			ExecutionOrderSort2 (0ms)
			AwakeInstancesAfterBackupRestoration (6ms)
Platform modules already initialized, skipping
Refreshing native plugins compatible for Editor in 0.89 ms, found 2 plugins.
Preloading 0 native plugins for Editor in 0.00 ms.
Unloading 1398 Unused Serialized files (Serialized files now loaded: 0)
System memory in use before: 98.5 MB.
System memory in use after: 98.6 MB.

Unloading 11 unused Assets to reduce memory usage. Loaded Objects now: 1924.
Total: 3.171000 ms (FindLiveObjects: 0.148600 ms CreateObjectMapping: 0.044700 ms MarkObjects: 2.959100 ms  DeleteObjects: 0.016800 ms)

AssetImportParameters requested are different than current active one (requested -> active):
  custom:framework-win-MediaFoundation: 216162199b28c13a410421893ffa2e32 -> 
  custom:video-decoder-ogg-theora: a1e56fd34408186e4bbccfd4996cb3dc -> 
  custom:container-muxer-webm: aa71ff27fc2769a1b78a27578f13a17b -> 
  custom:container-demuxer-webm: 4f35f7cbe854078d1ac9338744f61a02 -> 
  custom:container-demuxer-ogg: 62fdf1f143b41e24485cea50d1cbac27 -> 
  custom:video-encoder-webm-vp8: eb34c28f22e8b96e1ab97ce403110664 -> 
  custom:video-decoder-webm-vp8: 9c59270c3fd7afecdb556c50c9e8de78 -> 
  custom:audio-decoder-ogg-vorbis: bf7c407c2cedff20999df2af8eb42d56 -> 
  custom:audio-encoder-webm-vorbis: bf7c407c2cedff20999df2af8eb42d56 -> 
========================================================================
Received Prepare
Registering precompiled user dll's ...
Registered in 0.002905 seconds.
Begin MonoManager ReloadAssembly
Native extension for WindowsStandalone target not found
Refreshing native plugins compatible for Editor in 0.33 ms, found 2 plugins.
Preloading 0 native plugins for Editor in 0.00 ms.
Mono: successfully reloaded assembly
- Completed reload, in  0.829 seconds
Domain Reload Profiling:
	ReloadAssembly (830ms)
		BeginReloadAssembly (93ms)
			ExecutionOrderSort (0ms)
			DisableScriptedObjects (4ms)
			BackupInstance (0ms)
			ReleaseScriptingObjects (0ms)
			CreateAndSetChildDomain (27ms)
		EndReloadAssembly (681ms)
			LoadAssemblies (71ms)
			RebuildTransferFunctionScriptingTraits (0ms)
			SetupTypeCache (228ms)
			ReleaseScriptCaches (1ms)
			RebuildScriptCaches (33ms)
			SetupLoadedEditorAssemblies (258ms)
				LogAssemblyErrors (0ms)
				InitializePlatformSupportModulesInManaged (4ms)
				SetLoadedEditorAssemblies (0ms)
				RefreshPlugins (0ms)
				BeforeProcessingInitializeOnLoad (76ms)
				ProcessInitializeOnLoadAttributes (168ms)
				ProcessInitializeOnLoadMethodAttributes (4ms)
				AfterProcessingInitializeOnLoad (5ms)
				EditorAssembliesLoaded (0ms)
			ExecutionOrderSort2 (0ms)
			AwakeInstancesAfterBackupRestoration (6ms)
Platform modules already initialized, skipping
Refreshing native plugins compatible for Editor in 0.90 ms, found 2 plugins.
Preloading 0 native plugins for Editor in 0.00 ms.
Unloading 1398 Unused Serialized files (Serialized files now loaded: 0)
System memory in use before: 98.5 MB.
System memory in use after: 98.6 MB.

Unloading 11 unused Assets to reduce memory usage. Loaded Objects now: 1926.
Total: 2.574600 ms (FindLiveObjects: 0.138600 ms CreateObjectMapping: 0.036600 ms MarkObjects: 2.383800 ms  DeleteObjects: 0.014300 ms)

AssetImportParameters requested are different than current active one (requested -> active):
  custom:framework-win-MediaFoundation: 216162199b28c13a410421893ffa2e32 -> 
  custom:video-decoder-ogg-theora: a1e56fd34408186e4bbccfd4996cb3dc -> 
  custom:container-muxer-webm: aa71ff27fc2769a1b78a27578f13a17b -> 
  custom:container-demuxer-webm: 4f35f7cbe854078d1ac9338744f61a02 -> 
  custom:container-demuxer-ogg: 62fdf1f143b41e24485cea50d1cbac27 -> 
  custom:video-encoder-webm-vp8: eb34c28f22e8b96e1ab97ce403110664 -> 
  custom:video-decoder-webm-vp8: 9c59270c3fd7afecdb556c50c9e8de78 -> 
  custom:audio-decoder-ogg-vorbis: bf7c407c2cedff20999df2af8eb42d56 -> 
  custom:audio-encoder-webm-vorbis: bf7c407c2cedff20999df2af8eb42d56 -> 
AssetImportWorkerClient::OnTransportError - code=2 error=End of file
